2015/09/10 17:21:30 [error] [exception.CException] exception 'CException' with message 'Property "BannerController._module" is not defined.' in D:\WWW\yvvy\yii\base\CComponent.php:130
Stack trace:
#0 D:\WWW\yvvy\protected\modules\admin\controllers\BannerController.php(7): CComponent->__get('_module')
#1 D:\WWW\yvvy\yii\web\actions\CInlineAction.php(49): BannerController->actionIndex()
#2 D:\WWW\yvvy\yii\web\CController.php(308): CInlineAction->runWithParams(Array)
#3 D:\WWW\yvvy\yii\web\CController.php(286): CController->runAction(Object(CInlineAction))
#4 D:\WWW\yvvy\yii\web\CController.php(265): CController->runActionWithFilters(Object(CInlineAction), Array)
#5 D:\WWW\yvvy\yii\web\CWebApplication.php(282): CController->run('')
#6 D:\WWW\yvvy\yii\web\CWebApplication.php(141): CWebApplication->runController('admin/banner')
#7 D:\WWW\yvvy\yii\base\CApplication.php(184): CWebApplication->processRequest()
#8 D:\WWW\yvvy\index.php(15): CApplication->run()
#9 {main}
REQUEST_URI=/index.php?r=admin/banner
HTTP_REFERER=http://yvvy.mom.com/index.php?r=admin/Catalogue
---
2015/09/10 17:23:55 [error] [exception.CException] exception 'CException' with message 'Property "BannerController._module" is not defined.' in D:\WWW\yvvy\yii\base\CComponent.php:130
Stack trace:
#0 D:\WWW\yvvy\protected\modules\admin\controllers\BannerController.php(7): CComponent->__get('_module')
#1 D:\WWW\yvvy\yii\web\actions\CInlineAction.php(49): BannerController->actionIndex()
#2 D:\WWW\yvvy\yii\web\CController.php(308): CInlineAction->runWithParams(Array)
#3 D:\WWW\yvvy\yii\web\CController.php(286): CController->runAction(Object(CInlineAction))
#4 D:\WWW\yvvy\yii\web\CController.php(265): CController->runActionWithFilters(Object(CInlineAction), Array)
#5 D:\WWW\yvvy\yii\web\CWebApplication.php(282): CController->run('')
#6 D:\WWW\yvvy\yii\web\CWebApplication.php(141): CWebApplication->runController('admin/banner')
#7 D:\WWW\yvvy\yii\base\CApplication.php(184): CWebApplication->processRequest()
#8 D:\WWW\yvvy\index.php(15): CApplication->run()
#9 {main}
REQUEST_URI=/index.php?r=admin/banner
HTTP_REFERER=http://yvvy.mom.com/index.php?r=admin/Catalogue
---
2015/09/15 10:29:51 [error] [system.db.CDbCommand] CDbCommand::fetchAll() failed: SQLSTATE[42S02]: Base table or view not found: 1146 Table 'yvvyshop.goods' doesn't exist. The SQL statement executed was: SHOW FULL COLUMNS FROM `Goods`.
in D:\WWW\yvvy\protected\modules\admin\models\Goods.php (49)
in D:\WWW\yvvy\protected\modules\admin\views\goods\index.php (88)
in D:\WWW\yvvy\protected\modules\admin\controllers\GoodsController.php (24)
in D:\WWW\yvvy\index.php (15)
2015/09/15 10:29:51 [error] [exception.CDbException] exception 'CDbException' with message 'The table "Goods" for active record class "Goods" cannot be found in the database.' in D:\WWW\yvvy\yii\db\ar\CActiveRecord.php:2385
Stack trace:
#0 D:\WWW\yvvy\yii\db\ar\CActiveRecord.php(411): CActiveRecordMetaData->__construct(Object(Goods))
#1 D:\WWW\yvvy\yii\db\ar\CActiveRecord.php(661): CActiveRecord->getMetaData()
#2 D:\WWW\yvvy\yii\db\ar\CActiveRecord.php(1355): CActiveRecord->getTableSchema()
#3 D:\WWW\yvvy\yii\db\ar\CActiveRecord.php(1475): CActiveRecord->query(Object(CDbCriteria), true)
#4 D:\WWW\yvvy\protected\modules\admin\models\Goods.php(49): CActiveRecord->findAll()
#5 D:\WWW\yvvy\protected\modules\admin\views\goods\index.php(88): Goods->getId()
#6 D:\WWW\yvvy\yii\web\CBaseController.php(126): require('D:\WWW\yvvy\pro...')
#7 D:\WWW\yvvy\yii\web\CBaseController.php(95): CBaseController->renderInternal('D:\WWW\yvvy\pro...', Array, true)
#8 D:\WWW\yvvy\yii\web\CController.php(869): CBaseController->renderFile('D:\WWW\yvvy\pro...', Array, true)
#9 D:\WWW\yvvy\yii\web\CController.php(782): CController->renderPartial('index', Array, true)
#10 D:\WWW\yvvy\protected\modules\admin\controllers\GoodsController.php(24): CController->render('index', Array)
#11 D:\WWW\yvvy\yii\web\actions\CInlineAction.php(49): GoodsController->actionIndex()
#12 D:\WWW\yvvy\yii\web\CController.php(308): CInlineAction->runWithParams(Array)
#13 D:\WWW\yvvy\yii\web\CController.php(286): CController->runAction(Object(CInlineAction))
#14 D:\WWW\yvvy\yii\web\CController.php(265): CController->runActionWithFilters(Object(CInlineAction), Array)
#15 D:\WWW\yvvy\yii\web\CWebApplication.php(282): CController->run('')
#16 D:\WWW\yvvy\yii\web\CWebApplication.php(141): CWebApplication->runController('admin/goods')
#17 D:\WWW\yvvy\yii\base\CApplication.php(184): CWebApplication->processRequest()
#18 D:\WWW\yvvy\index.php(15): CApplication->run()
#19 {main}
REQUEST_URI=/index.php?r=admin/goods
HTTP_REFERER=http://yvvy.mom.com/index.php?r=admin/banner/update
---
2015/09/15 11:02:53 [error] [exception.CException] exception 'CException' with message 'Property "Goods.banner_group" is not defined.' in D:\WWW\yvvy\yii\base\CComponent.php:130
Stack trace:
#0 D:\WWW\yvvy\yii\db\ar\CActiveRecord.php(145): CComponent->__get('banner_group')
#1 D:\WWW\yvvy\protected\modules\admin\views\goods\update.php(83): CActiveRecord->__get('banner_group')
#2 D:\WWW\yvvy\yii\web\CBaseController.php(126): require('D:\WWW\yvvy\pro...')
#3 D:\WWW\yvvy\yii\web\CBaseController.php(95): CBaseController->renderInternal('D:\WWW\yvvy\pro...', Array, true)
#4 D:\WWW\yvvy\yii\web\CController.php(869): CBaseController->renderFile('D:\WWW\yvvy\pro...', Array, true)
#5 D:\WWW\yvvy\yii\web\CController.php(782): CController->renderPartial('update', Array, true)
#6 D:\WWW\yvvy\protected\modules\admin\controllers\GoodsController.php(54): CController->render('update', Array)
#7 D:\WWW\yvvy\yii\web\actions\CInlineAction.php(49): GoodsController->actionUpdate()
#8 D:\WWW\yvvy\yii\web\CController.php(308): CInlineAction->runWithParams(Array)
#9 D:\WWW\yvvy\yii\web\CController.php(286): CController->runAction(Object(CInlineAction))
#10 D:\WWW\yvvy\yii\web\CController.php(265): CController->runActionWithFilters(Object(CInlineAction), Array)
#11 D:\WWW\yvvy\yii\web\CWebApplication.php(282): CController->run('update')
#12 D:\WWW\yvvy\yii\web\CWebApplication.php(141): CWebApplication->runController('admin/goods/upd...')
#13 D:\WWW\yvvy\yii\base\CApplication.php(184): CWebApplication->processRequest()
#14 D:\WWW\yvvy\index.php(15): CApplication->run()
#15 {main}
REQUEST_URI=/index.php?r=admin/goods/update
HTTP_REFERER=http://yvvy.mom.com/index.php?r=admin/goods
---
2015/09/15 11:21:30 [error] [php] json_decode() expects parameter 1 to be string, array given (D:\WWW\yvvy\protected\modules\admin\controllers\TestController.php:9)
Stack trace:
#0 D:\WWW\yvvy\yii\web\CController.php(308): CInlineAction->runWithParams()
#1 D:\WWW\yvvy\yii\web\CController.php(286): TestController->runAction()
#2 D:\WWW\yvvy\yii\web\CController.php(265): TestController->runActionWithFilters()
#3 D:\WWW\yvvy\yii\web\CWebApplication.php(282): TestController->run()
#4 D:\WWW\yvvy\yii\web\CWebApplication.php(141): CWebApplication->runController()
#5 D:\WWW\yvvy\yii\base\CApplication.php(184): CWebApplication->processRequest()
#6 D:\WWW\yvvy\index.php(15): CWebApplication->run()
REQUEST_URI=/index.php?r=admin/test/index
in D:\WWW\yvvy\protected\modules\admin\controllers\TestController.php (9)
in D:\WWW\yvvy\index.php (15)
2015/09/15 11:44:55 [error] [exception.CHttpException.404] exception 'CHttpException' with message 'The system is unable to find the requested action "index?keyword=a".' in D:\WWW\yvvy\yii\web\CController.php:483
Stack trace:
#0 D:\WWW\yvvy\yii\web\CController.php(270): CController->missingAction('index?keyword=a')
#1 D:\WWW\yvvy\yii\web\CWebApplication.php(282): CController->run('index?keyword=a')
#2 D:\WWW\yvvy\yii\web\CWebApplication.php(141): CWebApplication->runController('admin/test/inde...')
#3 D:\WWW\yvvy\yii\base\CApplication.php(184): CWebApplication->processRequest()
#4 D:\WWW\yvvy\index.php(15): CApplication->run()
#5 {main}
REQUEST_URI=/index.php?r=admin/test/index?keyword=a
HTTP_REFERER=http://yvvy.mom.com/index.php?r=admin/test/
---
2015/09/15 11:45:06 [error] [exception.CHttpException.404] exception 'CHttpException' with message 'The system is unable to find the requested action "index?keyword=a".' in D:\WWW\yvvy\yii\web\CController.php:483
Stack trace:
#0 D:\WWW\yvvy\yii\web\CController.php(270): CController->missingAction('index?keyword=a')
#1 D:\WWW\yvvy\yii\web\CWebApplication.php(282): CController->run('index?keyword=a')
#2 D:\WWW\yvvy\yii\web\CWebApplication.php(141): CWebApplication->runController('admin/test/inde...')
#3 D:\WWW\yvvy\yii\base\CApplication.php(184): CWebApplication->processRequest()
#4 D:\WWW\yvvy\index.php(15): CApplication->run()
#5 {main}
REQUEST_URI=/index.php?r=admin/test/index?keyword=a
---
2015/09/15 13:44:04 [warning] [application] Failed to set unsafe attribute "classfy_name" of "Goods".
in D:\WWW\yvvy\protected\modules\admin\controllers\GoodsController.php (39)
in D:\WWW\yvvy\index.php (15)
2015/09/15 15:19:12 [error] [exception.CException] exception 'CException' with message 'CAssetManager.basePath "E:\phpStudy\WWW\yvvy\assets" is invalid. Please make sure the directory exists and is writable by the Web server process.' in E:\phpStudy\WWW\yvvy\yii\web\CAssetManager.php:138
Stack trace:
#0 E:\phpStudy\WWW\yvvy\yii\web\CAssetManager.php(123): CAssetManager->setBasePath('E:\phpStudy\WWW...')
#1 E:\phpStudy\WWW\yvvy\yii\web\CAssetManager.php(217): CAssetManager->getBasePath()
#2 E:\phpStudy\WWW\yvvy\protected\widgets\Upload\UploadWidget.php(10): CAssetManager->publish('E:\phpStudy\WWW...')
#3 E:\phpStudy\WWW\yvvy\yii\web\CBaseController.php(181): UploadWidget->run()
#4 E:\phpStudy\WWW\yvvy\protected\modules\admin\views\goods\update.php(329): CBaseController->widget('application.wid...', Array)
#5 E:\phpStudy\WWW\yvvy\yii\web\CBaseController.php(126): require('E:\phpStudy\WWW...')
#6 E:\phpStudy\WWW\yvvy\yii\web\CBaseController.php(95): CBaseController->renderInternal('E:\phpStudy\WWW...', Array, true)
#7 E:\phpStudy\WWW\yvvy\yii\web\CController.php(869): CBaseController->renderFile('E:\phpStudy\WWW...', Array, true)
#8 E:\phpStudy\WWW\yvvy\yii\web\CController.php(782): CController->renderPartial('update', Array, true)
#9 E:\phpStudy\WWW\yvvy\protected\modules\admin\controllers\GoodsController.php(54): CController->render('update', Array)
#10 E:\phpStudy\WWW\yvvy\yii\web\actions\CInlineAction.php(49): GoodsController->actionUpdate()
#11 E:\phpStudy\WWW\yvvy\yii\web\CController.php(308): CInlineAction->runWithParams(Array)
#12 E:\phpStudy\WWW\yvvy\yii\web\CController.php(286): CController->runAction(Object(CInlineAction))
#13 E:\phpStudy\WWW\yvvy\yii\web\CController.php(265): CController->runActionWithFilters(Object(CInlineAction), Array)
#14 E:\phpStudy\WWW\yvvy\yii\web\CWebApplication.php(282): CController->run('update')
#15 E:\phpStudy\WWW\yvvy\yii\web\CWebApplication.php(141): CWebApplication->runController('admin/goods/upd...')
#16 E:\phpStudy\WWW\yvvy\yii\base\CApplication.php(184): CWebApplication->processRequest()
#17 E:\phpStudy\WWW\yvvy\index.php(15): CApplication->run()
#18 {main}
REQUEST_URI=/index.php?r=admin/goods/update
HTTP_REFERER=http://yvvy.test.com/index.php?r=admin/goods
---
2015/09/15 15:23:19 [error] [system.db.CDbCommand] CDbCommand::execute() failed: SQLSTATE[23000]: Integrity constraint violation: 1062 Duplicate entry 'E12123' for key 'PRIMARY'. The SQL statement executed was: INSERT INTO `Goods` (`sku_id`, `sku_name`, `spu_id`, `price`, `sku_num`, `color`, `material`, `specs`, `image`, `is_top`) VALUES (:yp0, :yp1, :yp2, :yp3, :yp4, :yp5, :yp6, :yp7, :yp8, :yp9). Bound with :yp0='E12123', :yp1='测试 ', :yp2='E121212', :yp3=0, :yp4=0, :yp5='1212', :yp6='木', :yp7='1024x1024', :yp8='/uploads/images/2015-09/f2602c40f8d1711afc0ba121a1900028.jpg', :yp9=0.
in E:\phpStudy\WWW\yvvy\protected\modules\admin\controllers\GoodsController.php (43)
in E:\phpStudy\WWW\yvvy\index.php (15)
2015/09/15 15:23:19 [error] [exception.CDbException] exception 'CDbException' with message 'CDbCommand failed to execute the SQL statement: SQLSTATE[23000]: Integrity constraint violation: 1062 Duplicate entry 'E12123' for key 'PRIMARY'. The SQL statement executed was: INSERT INTO `Goods` (`sku_id`, `sku_name`, `spu_id`, `price`, `sku_num`, `color`, `material`, `specs`, `image`, `is_top`) VALUES (:yp0, :yp1, :yp2, :yp3, :yp4, :yp5, :yp6, :yp7, :yp8, :yp9). Bound with :yp0='E12123', :yp1='测试 ', :yp2='E121212', :yp3=0, :yp4=0, :yp5='1212', :yp6='木', :yp7='1024x1024', :yp8='/uploads/images/2015-09/f2602c40f8d1711afc0ba121a1900028.jpg', :yp9=0' in E:\phpStudy\WWW\yvvy\yii\db\CDbCommand.php:358
Stack trace:
#0 E:\phpStudy\WWW\yvvy\yii\db\ar\CActiveRecord.php(1080): CDbCommand->execute()
#1 E:\phpStudy\WWW\yvvy\yii\db\ar\CActiveRecord.php(809): CActiveRecord->insert(NULL)
#2 E:\phpStudy\WWW\yvvy\protected\modules\admin\controllers\GoodsController.php(43): CActiveRecord->save()
#3 E:\phpStudy\WWW\yvvy\yii\web\actions\CInlineAction.php(49): GoodsController->actionUpdate()
#4 E:\phpStudy\WWW\yvvy\yii\web\CController.php(308): CInlineAction->runWithParams(Array)
#5 E:\phpStudy\WWW\yvvy\yii\web\CController.php(286): CController->runAction(Object(CInlineAction))
#6 E:\phpStudy\WWW\yvvy\yii\web\CController.php(265): CController->runActionWithFilters(Object(CInlineAction), Array)
#7 E:\phpStudy\WWW\yvvy\yii\web\CWebApplication.php(282): CController->run('update')
#8 E:\phpStudy\WWW\yvvy\yii\web\CWebApplication.php(141): CWebApplication->runController('admin/goods/upd...')
#9 E:\phpStudy\WWW\yvvy\yii\base\CApplication.php(184): CWebApplication->processRequest()
#10 E:\phpStudy\WWW\yvvy\index.php(15): CApplication->run()
#11 {main}
REQUEST_URI=/index.php?r=admin/goods/update
HTTP_REFERER=http://yvvy.test.com/index.php?r=admin/goods/update
---
2015/09/15 15:29:34 [error] [system.db.CDbCommand] CDbCommand::execute() failed: SQLSTATE[23000]: Integrity constraint violation: 1062 Duplicate entry 'E12123' for key 'PRIMARY'. The SQL statement executed was: INSERT INTO `Goods` (`sku_id`, `sku_name`, `spu_id`, `price`, `sku_num`, `color`, `material`, `specs`, `image`, `is_top`) VALUES (:yp0, :yp1, :yp2, :yp3, :yp4, :yp5, :yp6, :yp7, :yp8, :yp9). Bound with :yp0='E12123', :yp1='测试 ', :yp2='E121212', :yp3=0, :yp4=0, :yp5='1212', :yp6='木', :yp7='1024x1024', :yp8='/uploads/images/2015-09/f2602c40f8d1711afc0ba121a1900028.jpg', :yp9=0.
in E:\phpStudy\WWW\yvvy\protected\modules\admin\controllers\GoodsController.php (44)
in E:\phpStudy\WWW\yvvy\index.php (15)
2015/09/15 15:29:34 [error] [exception.CDbException] exception 'CDbException' with message 'CDbCommand failed to execute the SQL statement: SQLSTATE[23000]: Integrity constraint violation: 1062 Duplicate entry 'E12123' for key 'PRIMARY'. The SQL statement executed was: INSERT INTO `Goods` (`sku_id`, `sku_name`, `spu_id`, `price`, `sku_num`, `color`, `material`, `specs`, `image`, `is_top`) VALUES (:yp0, :yp1, :yp2, :yp3, :yp4, :yp5, :yp6, :yp7, :yp8, :yp9). Bound with :yp0='E12123', :yp1='测试 ', :yp2='E121212', :yp3=0, :yp4=0, :yp5='1212', :yp6='木', :yp7='1024x1024', :yp8='/uploads/images/2015-09/f2602c40f8d1711afc0ba121a1900028.jpg', :yp9=0' in E:\phpStudy\WWW\yvvy\yii\db\CDbCommand.php:358
Stack trace:
#0 E:\phpStudy\WWW\yvvy\yii\db\ar\CActiveRecord.php(1080): CDbCommand->execute()
#1 E:\phpStudy\WWW\yvvy\yii\db\ar\CActiveRecord.php(809): CActiveRecord->insert(NULL)
#2 E:\phpStudy\WWW\yvvy\protected\modules\admin\controllers\GoodsController.php(44): CActiveRecord->save()
#3 E:\phpStudy\WWW\yvvy\yii\web\actions\CInlineAction.php(49): GoodsController->actionUpdate()
#4 E:\phpStudy\WWW\yvvy\yii\web\CController.php(308): CInlineAction->runWithParams(Array)
#5 E:\phpStudy\WWW\yvvy\yii\web\CController.php(286): CController->runAction(Object(CInlineAction))
#6 E:\phpStudy\WWW\yvvy\yii\web\CController.php(265): CController->runActionWithFilters(Object(CInlineAction), Array)
#7 E:\phpStudy\WWW\yvvy\yii\web\CWebApplication.php(282): CController->run('update')
#8 E:\phpStudy\WWW\yvvy\yii\web\CWebApplication.php(141): CWebApplication->runController('admin/goods/upd...')
#9 E:\phpStudy\WWW\yvvy\yii\base\CApplication.php(184): CWebApplication->processRequest()
#10 E:\phpStudy\WWW\yvvy\index.php(15): CApplication->run()
#11 {main}
REQUEST_URI=/index.php?r=admin/goods/update
HTTP_REFERER=http://yvvy.test.com/index.php?r=admin/goods/update
---
2015/09/15 15:34:06 [error] [system.db.CDbCommand] CDbCommand::execute() failed: SQLSTATE[23000]: Integrity constraint violation: 1062 Duplicate entry 'E12123' for key 'PRIMARY'. The SQL statement executed was: INSERT INTO `Goods` (`sku_id`, `sku_name`, `spu_id`, `price`, `sku_num`, `color`, `material`, `specs`, `image`, `is_top`) VALUES (:yp0, :yp1, :yp2, :yp3, :yp4, :yp5, :yp6, :yp7, :yp8, :yp9). Bound with :yp0='E12123', :yp1='sfds', :yp2='E121212', :yp3=0, :yp4=0, :yp5='红色', :yp6='121', :yp7='1024x1024', :yp8='', :yp9=0.
in E:\phpStudy\WWW\yvvy\protected\modules\admin\controllers\GoodsController.php (51)
in E:\phpStudy\WWW\yvvy\index.php (15)
2015/09/15 15:34:06 [error] [exception.CDbException] exception 'CDbException' with message 'CDbCommand failed to execute the SQL statement: SQLSTATE[23000]: Integrity constraint violation: 1062 Duplicate entry 'E12123' for key 'PRIMARY'. The SQL statement executed was: INSERT INTO `Goods` (`sku_id`, `sku_name`, `spu_id`, `price`, `sku_num`, `color`, `material`, `specs`, `image`, `is_top`) VALUES (:yp0, :yp1, :yp2, :yp3, :yp4, :yp5, :yp6, :yp7, :yp8, :yp9). Bound with :yp0='E12123', :yp1='sfds', :yp2='E121212', :yp3=0, :yp4=0, :yp5='红色', :yp6='121', :yp7='1024x1024', :yp8='', :yp9=0' in E:\phpStudy\WWW\yvvy\yii\db\CDbCommand.php:358
Stack trace:
#0 E:\phpStudy\WWW\yvvy\yii\db\ar\CActiveRecord.php(1080): CDbCommand->execute()
#1 E:\phpStudy\WWW\yvvy\yii\db\ar\CActiveRecord.php(809): CActiveRecord->insert(NULL)
#2 E:\phpStudy\WWW\yvvy\protected\modules\admin\controllers\GoodsController.php(51): CActiveRecord->save()
#3 E:\phpStudy\WWW\yvvy\yii\web\actions\CInlineAction.php(49): GoodsController->actionUpdate()
#4 E:\phpStudy\WWW\yvvy\yii\web\CController.php(308): CInlineAction->runWithParams(Array)
#5 E:\phpStudy\WWW\yvvy\yii\web\CController.php(286): CController->runAction(Object(CInlineAction))
#6 E:\phpStudy\WWW\yvvy\yii\web\CController.php(265): CController->runActionWithFilters(Object(CInlineAction), Array)
#7 E:\phpStudy\WWW\yvvy\yii\web\CWebApplication.php(282): CController->run('update')
#8 E:\phpStudy\WWW\yvvy\yii\web\CWebApplication.php(141): CWebApplication->runController('admin/goods/upd...')
#9 E:\phpStudy\WWW\yvvy\yii\base\CApplication.php(184): CWebApplication->processRequest()
#10 E:\phpStudy\WWW\yvvy\index.php(15): CApplication->run()
#11 {main}
REQUEST_URI=/index.php?r=admin/goods/update
HTTP_REFERER=http://yvvy.test.com/index.php?r=admin/goods/update
---
2015/09/15 15:34:15 [error] [system.db.CDbCommand] CDbCommand::execute() failed: SQLSTATE[23000]: Integrity constraint violation: 1062 Duplicate entry 'E12123' for key 'PRIMARY'. The SQL statement executed was: INSERT INTO `Goods` (`sku_id`, `sku_name`, `spu_id`, `price`, `sku_num`, `color`, `material`, `specs`, `image`, `is_top`) VALUES (:yp0, :yp1, :yp2, :yp3, :yp4, :yp5, :yp6, :yp7, :yp8, :yp9). Bound with :yp0='E12123', :yp1='sfds', :yp2='E121212', :yp3=0, :yp4=0, :yp5='红色', :yp6='121', :yp7='1024x1024', :yp8='/uploads/images/2015-09/4968695648364b7fba7f8580f53d029e.jpg', :yp9=0.
in E:\phpStudy\WWW\yvvy\protected\modules\admin\controllers\GoodsController.php (51)
in E:\phpStudy\WWW\yvvy\index.php (15)
2015/09/15 15:34:15 [error] [exception.CDbException] exception 'CDbException' with message 'CDbCommand failed to execute the SQL statement: SQLSTATE[23000]: Integrity constraint violation: 1062 Duplicate entry 'E12123' for key 'PRIMARY'. The SQL statement executed was: INSERT INTO `Goods` (`sku_id`, `sku_name`, `spu_id`, `price`, `sku_num`, `color`, `material`, `specs`, `image`, `is_top`) VALUES (:yp0, :yp1, :yp2, :yp3, :yp4, :yp5, :yp6, :yp7, :yp8, :yp9). Bound with :yp0='E12123', :yp1='sfds', :yp2='E121212', :yp3=0, :yp4=0, :yp5='红色', :yp6='121', :yp7='1024x1024', :yp8='/uploads/images/2015-09/4968695648364b7fba7f8580f53d029e.jpg', :yp9=0' in E:\phpStudy\WWW\yvvy\yii\db\CDbCommand.php:358
Stack trace:
#0 E:\phpStudy\WWW\yvvy\yii\db\ar\CActiveRecord.php(1080): CDbCommand->execute()
#1 E:\phpStudy\WWW\yvvy\yii\db\ar\CActiveRecord.php(809): CActiveRecord->insert(NULL)
#2 E:\phpStudy\WWW\yvvy\protected\modules\admin\controllers\GoodsController.php(51): CActiveRecord->save()
#3 E:\phpStudy\WWW\yvvy\yii\web\actions\CInlineAction.php(49): GoodsController->actionUpdate()
#4 E:\phpStudy\WWW\yvvy\yii\web\CController.php(308): CInlineAction->runWithParams(Array)
#5 E:\phpStudy\WWW\yvvy\yii\web\CController.php(286): CController->runAction(Object(CInlineAction))
#6 E:\phpStudy\WWW\yvvy\yii\web\CController.php(265): CController->runActionWithFilters(Object(CInlineAction), Array)
#7 E:\phpStudy\WWW\yvvy\yii\web\CWebApplication.php(282): CController->run('update')
#8 E:\phpStudy\WWW\yvvy\yii\web\CWebApplication.php(141): CWebApplication->runController('admin/goods/upd...')
#9 E:\phpStudy\WWW\yvvy\yii\base\CApplication.php(184): CWebApplication->processRequest()
#10 E:\phpStudy\WWW\yvvy\index.php(15): CApplication->run()
#11 {main}
REQUEST_URI=/index.php?r=admin/goods/update
HTTP_REFERER=http://yvvy.test.com/index.php?r=admin/goods/update
---
2015/09/15 15:35:45 [error] [system.db.CDbCommand] CDbCommand::execute() failed: SQLSTATE[23000]: Integrity constraint violation: 1062 Duplicate entry 'E12123' for key 'PRIMARY'. The SQL statement executed was: INSERT INTO `Goods` (`sku_id`, `sku_name`, `spu_id`, `price`, `sku_num`, `color`, `material`, `specs`, `image`, `is_top`) VALUES (:yp0, :yp1, :yp2, :yp3, :yp4, :yp5, :yp6, :yp7, :yp8, :yp9). Bound with :yp0='E12123', :yp1='sfds', :yp2='E121212', :yp3=0, :yp4=0, :yp5='红色', :yp6='121', :yp7='1024x1024', :yp8='', :yp9=0.
in E:\phpStudy\WWW\yvvy\protected\modules\admin\controllers\GoodsController.php (54)
in E:\phpStudy\WWW\yvvy\index.php (15)
2015/09/15 15:35:45 [error] [exception.CDbException] exception 'CDbException' with message 'CDbCommand failed to execute the SQL statement: SQLSTATE[23000]: Integrity constraint violation: 1062 Duplicate entry 'E12123' for key 'PRIMARY'. The SQL statement executed was: INSERT INTO `Goods` (`sku_id`, `sku_name`, `spu_id`, `price`, `sku_num`, `color`, `material`, `specs`, `image`, `is_top`) VALUES (:yp0, :yp1, :yp2, :yp3, :yp4, :yp5, :yp6, :yp7, :yp8, :yp9). Bound with :yp0='E12123', :yp1='sfds', :yp2='E121212', :yp3=0, :yp4=0, :yp5='红色', :yp6='121', :yp7='1024x1024', :yp8='', :yp9=0' in E:\phpStudy\WWW\yvvy\yii\db\CDbCommand.php:358
Stack trace:
#0 E:\phpStudy\WWW\yvvy\yii\db\ar\CActiveRecord.php(1080): CDbCommand->execute()
#1 E:\phpStudy\WWW\yvvy\yii\db\ar\CActiveRecord.php(809): CActiveRecord->insert(NULL)
#2 E:\phpStudy\WWW\yvvy\protected\modules\admin\controllers\GoodsController.php(54): CActiveRecord->save()
#3 E:\phpStudy\WWW\yvvy\yii\web\actions\CInlineAction.php(49): GoodsController->actionUpdate()
#4 E:\phpStudy\WWW\yvvy\yii\web\CController.php(308): CInlineAction->runWithParams(Array)
#5 E:\phpStudy\WWW\yvvy\yii\web\CController.php(286): CController->runAction(Object(CInlineAction))
#6 E:\phpStudy\WWW\yvvy\yii\web\CController.php(265): CController->runActionWithFilters(Object(CInlineAction), Array)
#7 E:\phpStudy\WWW\yvvy\yii\web\CWebApplication.php(282): CController->run('update')
#8 E:\phpStudy\WWW\yvvy\yii\web\CWebApplication.php(141): CWebApplication->runController('admin/goods/upd...')
#9 E:\phpStudy\WWW\yvvy\yii\base\CApplication.php(184): CWebApplication->processRequest()
#10 E:\phpStudy\WWW\yvvy\index.php(15): CApplication->run()
#11 {main}
REQUEST_URI=/index.php?r=admin/goods/update
HTTP_REFERER=http://yvvy.test.com/index.php?r=admin/goods/update
---
2015/09/15 15:35:53 [error] [system.db.CDbCommand] CDbCommand::execute() failed: SQLSTATE[23000]: Integrity constraint violation: 1062 Duplicate entry 'E12123' for key 'PRIMARY'. The SQL statement executed was: INSERT INTO `Goods` (`sku_id`, `sku_name`, `spu_id`, `price`, `sku_num`, `color`, `material`, `specs`, `image`, `is_top`) VALUES (:yp0, :yp1, :yp2, :yp3, :yp4, :yp5, :yp6, :yp7, :yp8, :yp9). Bound with :yp0='E12123', :yp1='sfds', :yp2='E121212', :yp3=0, :yp4=0, :yp5='红色', :yp6='121', :yp7='1024x1024', :yp8='/uploads/images/2015-09/09510be31e77eee389e184c911e20587.jpg', :yp9=0.
in E:\phpStudy\WWW\yvvy\protected\modules\admin\controllers\GoodsController.php (54)
in E:\phpStudy\WWW\yvvy\index.php (15)
2015/09/15 15:35:53 [error] [exception.CDbException] exception 'CDbException' with message 'CDbCommand failed to execute the SQL statement: SQLSTATE[23000]: Integrity constraint violation: 1062 Duplicate entry 'E12123' for key 'PRIMARY'. The SQL statement executed was: INSERT INTO `Goods` (`sku_id`, `sku_name`, `spu_id`, `price`, `sku_num`, `color`, `material`, `specs`, `image`, `is_top`) VALUES (:yp0, :yp1, :yp2, :yp3, :yp4, :yp5, :yp6, :yp7, :yp8, :yp9). Bound with :yp0='E12123', :yp1='sfds', :yp2='E121212', :yp3=0, :yp4=0, :yp5='红色', :yp6='121', :yp7='1024x1024', :yp8='/uploads/images/2015-09/09510be31e77eee389e184c911e20587.jpg', :yp9=0' in E:\phpStudy\WWW\yvvy\yii\db\CDbCommand.php:358
Stack trace:
#0 E:\phpStudy\WWW\yvvy\yii\db\ar\CActiveRecord.php(1080): CDbCommand->execute()
#1 E:\phpStudy\WWW\yvvy\yii\db\ar\CActiveRecord.php(809): CActiveRecord->insert(NULL)
#2 E:\phpStudy\WWW\yvvy\protected\modules\admin\controllers\GoodsController.php(54): CActiveRecord->save()
#3 E:\phpStudy\WWW\yvvy\yii\web\actions\CInlineAction.php(49): GoodsController->actionUpdate()
#4 E:\phpStudy\WWW\yvvy\yii\web\CController.php(308): CInlineAction->runWithParams(Array)
#5 E:\phpStudy\WWW\yvvy\yii\web\CController.php(286): CController->runAction(Object(CInlineAction))
#6 E:\phpStudy\WWW\yvvy\yii\web\CController.php(265): CController->runActionWithFilters(Object(CInlineAction), Array)
#7 E:\phpStudy\WWW\yvvy\yii\web\CWebApplication.php(282): CController->run('update')
#8 E:\phpStudy\WWW\yvvy\yii\web\CWebApplication.php(141): CWebApplication->runController('admin/goods/upd...')
#9 E:\phpStudy\WWW\yvvy\yii\base\CApplication.php(184): CWebApplication->processRequest()
#10 E:\phpStudy\WWW\yvvy\index.php(15): CApplication->run()
#11 {main}
REQUEST_URI=/index.php?r=admin/goods/update
HTTP_REFERER=http://yvvy.test.com/index.php?r=admin/goods/update
---
2015/09/15 15:58:40 [error] [exception.CException] exception 'CException' with message 'Property "Goods." is not defined.' in E:\phpStudy\WWW\yvvy\yii\base\CComponent.php:130
Stack trace:
#0 E:\phpStudy\WWW\yvvy\yii\db\ar\CActiveRecord.php(145): CComponent->__get('')
#1 E:\phpStudy\WWW\yvvy\protected\modules\admin\models\Goods.php(55): CActiveRecord->__get('')
#2 E:\phpStudy\WWW\yvvy\yii\validators\CInlineValidator.php(42): Goods->checkSku('sku_id', Array)
#3 E:\phpStudy\WWW\yvvy\yii\validators\CValidator.php(201): CInlineValidator->validateAttribute(Object(Goods), 'sku_id')
#4 E:\phpStudy\WWW\yvvy\yii\base\CModel.php(159): CValidator->validate(Object(Goods), NULL)
#5 E:\phpStudy\WWW\yvvy\protected\modules\admin\controllers\GoodsController.php(42): CModel->validate()
#6 E:\phpStudy\WWW\yvvy\yii\web\actions\CInlineAction.php(49): GoodsController->actionUpdate()
#7 E:\phpStudy\WWW\yvvy\yii\web\CController.php(308): CInlineAction->runWithParams(Array)
#8 E:\phpStudy\WWW\yvvy\yii\web\CController.php(286): CController->runAction(Object(CInlineAction))
#9 E:\phpStudy\WWW\yvvy\yii\web\CController.php(265): CController->runActionWithFilters(Object(CInlineAction), Array)
#10 E:\phpStudy\WWW\yvvy\yii\web\CWebApplication.php(282): CController->run('update')
#11 E:\phpStudy\WWW\yvvy\yii\web\CWebApplication.php(141): CWebApplication->runController('admin/goods/upd...')
#12 E:\phpStudy\WWW\yvvy\yii\base\CApplication.php(184): CWebApplication->processRequest()
#13 E:\phpStudy\WWW\yvvy\index.php(15): CApplication->run()
#14 {main}
REQUEST_URI=/index.php?r=admin/goods/update
HTTP_REFERER=http://yvvy.test.com/index.php?r=admin/goods/update
---
